<?xml version="1.0" encoding="UTF-8"?>
<!-- Generated by org.testng.reporters.JUnitReportReporter -->
<testsuite hostname="LAPTOP-MVN1TR0E" failures="0" tests="7" name="com.training.sanity.tests.KarnatkaTest" time="35.715" errors="0" timestamp="2023-04-13T00:34:47 IST" skipped="0">
  <testcase classname="com.training.sanity.tests.KarnatkaTest" name="tc4" time="3.983"/>
  <system-out/>
  <testcase classname="com.training.sanity.tests.KarnatkaTest" name="tc7" time="4.380"/>
  <system-out/>
  <testcase classname="com.training.sanity.tests.KarnatkaTest" name="tc3" time="3.908"/>
  <system-out/>
  <testcase classname="com.training.sanity.tests.KarnatkaTest" name="tc2" time="3.575"/>
  <system-out/>
  <testcase classname="com.training.sanity.tests.KarnatkaTest" name="tc6" time="9.955"/>
  <system-out/>
  <testcase classname="com.training.sanity.tests.KarnatkaTest" name="tc1" time="4.419"/>
  <system-out/>
  <testcase classname="com.training.sanity.tests.KarnatkaTest" name="tc5" time="5.495"/>
  <system-out/>
</testsuite> <!-- com.training.sanity.tests.KarnatkaTest -->
